<?xml version="1.0" encoding="UTF-8"?>
<!DOCTYPE suite SYSTEM "http://testng.org/testng-1.0.dtd">
<suite name="All Test Suite">
    <test verbose="2" preserve-order="true" name="C:/Users/Mohanshiva/Documents/New folder/RestAssuredAutomation/testng.xml">
        <groups>
            <run>
                <include name="qa"/>
                <include name="sanity"/>
                <exclude name="preprod" />
            </run>
        </groups>
        <classes>
            <class name="ATB8XAPITestingPractice.APiTesting.groups.GroupExample001"/>
        </classes>
    </test>
</suite>
