<?xml version="1.0" encoding="UTF-8"?>
<!-- Generated by org.testng.reporters.JUnitReportReporter -->
<testsuite hostname="DESKTOP-OH1HFTM" failures="0" tests="3" name="Tests.demo.TestExample" time="2.683" errors="0" timestamp="2024-11-25T11:45:26 IST" skipped="0">
  <testcase classname="Tests.demo.TestExample" name="test_2" time="0.510"/>
  <testcase classname="Tests.demo.TestExample" name="test_3" time="1.281"/>
  <testcase classname="Tests.demo.TestExample" name="test_1" time="0.892"/>
</testsuite> <!-- Tests.demo.TestExample -->
