<?xml version="1.0" encoding="UTF-8"?>
<!-- Generated by org.testng.reporters.JUnitReportReporter -->
<testsuite hostname="DESKTOP-OH1HFTM" failures="0" tests="3" name="Tests.demo.TestExample" time="0.470" errors="0" timestamp="2024-12-12T17:49:26 IST" skipped="0">
  <testcase classname="Tests.demo.TestExample" name="test_1" time="0.157"/>
  <testcase classname="Tests.demo.TestExample" name="test_2" time="0.172"/>
  <testcase classname="Tests.demo.TestExample" name="test_3" time="0.141"/>
</testsuite> <!-- Tests.demo.TestExample -->
