<?xml version="1.0" encoding="UTF-8"?>
<!-- Generated by org.testng.reporters.JUnitReportReporter -->
<testsuite hostname="DESKTOP-OH1HFTM" failures="0" tests="3" name="Tests.demo.TestExample" time="0.363" errors="0" timestamp="2024-12-03T12:34:20 IST" skipped="0">
  <testcase classname="Tests.demo.TestExample" name="test_3" time="0.157"/>
  <testcase classname="Tests.demo.TestExample" name="test_2" time="0.109"/>
  <testcase classname="Tests.demo.TestExample" name="test_1" time="0.097"/>
</testsuite> <!-- Tests.demo.TestExample -->
