<?xml version="1.0" encoding="UTF-8"?>
<!-- Generated by org.testng.reporters.JUnitReportReporter -->
<testsuite hostname="DESKTOP-OH1HFTM" failures="0" tests="1" name="Tests.demo.CreateUserRequest" time="0.424" errors="0" timestamp="2024-12-12T17:49:26 IST" skipped="0">
  <testcase classname="Tests.demo.CreateUserRequest" name="createUser" time="0.424"/>
</testsuite> <!-- Tests.demo.CreateUserRequest -->
