<?xml version="1.0" encoding="UTF-8"?>
<!-- Generated by org.testng.reporters.JUnitReportReporter -->
<testsuite hostname="DESKTOP-OH1HFTM" failures="0" tests="3" name="Tests.demo.TestExample" time="0.398" errors="0" timestamp="2024-11-29T19:30:36 IST" skipped="0">
  <testcase classname="Tests.demo.TestExample" name="test_3" time="0.157"/>
  <testcase classname="Tests.demo.TestExample" name="test_1" time="0.123"/>
  <testcase classname="Tests.demo.TestExample" name="test_2" time="0.118"/>
</testsuite> <!-- Tests.demo.TestExample -->
